

================================================================
== Vitis HLS Report for 'axil_macc'
================================================================
* Date:           Tue Mar  5 14:27:53 2024

* Version:        2023.2 (Build 4023990 on Oct 11 2023)
* Project:        axiLite_hls
* Solution:       solution1 (Vivado IP Flow Target)
* Product family: zynquplus
* Target device:  xczu7ev-ffvc1156-2-e


================================================================
== Performance Estimates
================================================================
+ Timing: 
    * Summary: 
    +--------+----------+----------+------------+
    |  Clock |  Target  | Estimated| Uncertainty|
    +--------+----------+----------+------------+
    |ap_clk  |  10.00 ns|  6.885 ns|     2.70 ns|
    +--------+----------+----------+------------+

+ Latency: 
    * Summary: 
    +---------+---------+----------+----------+-----+-----+---------+
    |  Latency (cycles) |  Latency (absolute) |  Interval | Pipeline|
    |   min   |   max   |    min   |    max   | min | max |   Type  |
    +---------+---------+----------+----------+-----+-----+---------+
    |        0|        0|      0 ns|      0 ns|    1|    1|       no|
    +---------+---------+----------+----------+-----+-----+---------+

    + Detail: 
        * Instance: 
        N/A

        * Loop: 
        N/A



================================================================
== Utilization Estimates
================================================================
* Summary: 
+-----------------+---------+------+--------+--------+-----+
|       Name      | BRAM_18K|  DSP |   FF   |   LUT  | URAM|
+-----------------+---------+------+--------+--------+-----+
|DSP              |        -|     -|       -|       -|    -|
|Expression       |        -|     -|       0|     110|    -|
|FIFO             |        -|     -|       -|       -|    -|
|Instance         |        0|     3|     188|     316|    0|
|Memory           |        -|     -|       -|       -|    -|
|Multiplexer      |        -|     -|       -|       -|    -|
|Register         |        -|     -|      33|       -|    -|
+-----------------+---------+------+--------+--------+-----+
|Total            |        0|     3|     221|     426|    0|
+-----------------+---------+------+--------+--------+-----+
|Available        |      624|  1728|  460800|  230400|   96|
+-----------------+---------+------+--------+--------+-----+
|Utilization (%)  |        0|    ~0|      ~0|      ~0|    0|
+-----------------+---------+------+--------+--------+-----+

+ Detail: 
    * Instance: 
    +-----------------------+--------------------+---------+----+-----+-----+-----+
    |        Instance       |       Module       | BRAM_18K| DSP|  FF | LUT | URAM|
    +-----------------------+--------------------+---------+----+-----+-----+-----+
    |BUS1_s_axi_U           |BUS1_s_axi          |        0|   0|  188|  296|    0|
    |mul_32s_32s_32_1_1_U1  |mul_32s_32s_32_1_1  |        0|   3|    0|   20|    0|
    +-----------------------+--------------------+---------+----+-----+-----+-----+
    |Total                  |                    |        0|   3|  188|  316|    0|
    +-----------------------+--------------------+---------+----+-----+-----+-----+

    * DSP: 
    N/A

    * Memory: 
    N/A

    * FIFO: 
    N/A

    * Expression: 
    +--------------------+----------+----+---+----+------------+------------+
    |    Variable Name   | Operation| DSP| FF| LUT| Bitwidth P0| Bitwidth P1|
    +--------------------+----------+----+---+----+------------+------------+
    |add_ln18_fu_83_p2   |         +|   0|  0|  39|          32|          32|
    |icmp_ln14_fu_73_p2  |      icmp|   0|  0|  39|          32|           1|
    |c                   |    select|   0|  0|  32|           1|          32|
    +--------------------+----------+----+---+----+------------+------------+
    |Total               |          |   0|  0| 110|          65|          65|
    +--------------------+----------+----+---+----+------------+------------+

    * Multiplexer: 
    N/A

    * Register: 
    +-----------+----+----+-----+-----------+
    |    Name   | FF | LUT| Bits| Const Bits|
    +-----------+----+----+-----+-----------+
    |ap_CS_fsm  |   1|   0|    1|          0|
    |regc       |  32|   0|   32|          0|
    +-----------+----+----+-----+-----------+
    |Total      |  33|   0|   33|          0|
    +-----------+----+----+-----+-----------+



================================================================
== Interface
================================================================
* Summary: 
+--------------------+-----+-----+------------+--------------+--------------+
|      RTL Ports     | Dir | Bits|  Protocol  | Source Object|    C Type    |
+--------------------+-----+-----+------------+--------------+--------------+
|s_axi_BUS1_AWVALID  |   in|    1|       s_axi|          BUS1|       pointer|
|s_axi_BUS1_AWREADY  |  out|    1|       s_axi|          BUS1|       pointer|
|s_axi_BUS1_AWADDR   |   in|    6|       s_axi|          BUS1|       pointer|
|s_axi_BUS1_WVALID   |   in|    1|       s_axi|          BUS1|       pointer|
|s_axi_BUS1_WREADY   |  out|    1|       s_axi|          BUS1|       pointer|
|s_axi_BUS1_WDATA    |   in|   32|       s_axi|          BUS1|       pointer|
|s_axi_BUS1_WSTRB    |   in|    4|       s_axi|          BUS1|       pointer|
|s_axi_BUS1_ARVALID  |   in|    1|       s_axi|          BUS1|       pointer|
|s_axi_BUS1_ARREADY  |  out|    1|       s_axi|          BUS1|       pointer|
|s_axi_BUS1_ARADDR   |   in|    6|       s_axi|          BUS1|       pointer|
|s_axi_BUS1_RVALID   |  out|    1|       s_axi|          BUS1|       pointer|
|s_axi_BUS1_RREADY   |   in|    1|       s_axi|          BUS1|       pointer|
|s_axi_BUS1_RDATA    |  out|   32|       s_axi|          BUS1|       pointer|
|s_axi_BUS1_RRESP    |  out|    2|       s_axi|          BUS1|       pointer|
|s_axi_BUS1_BVALID   |  out|    1|       s_axi|          BUS1|       pointer|
|s_axi_BUS1_BREADY   |   in|    1|       s_axi|          BUS1|       pointer|
|s_axi_BUS1_BRESP    |  out|    2|       s_axi|          BUS1|       pointer|
|ap_clk              |   in|    1|  ap_ctrl_hs|     axil_macc|  return value|
|ap_rst_n            |   in|    1|  ap_ctrl_hs|     axil_macc|  return value|
|interrupt           |  out|    1|  ap_ctrl_hs|     axil_macc|  return value|
+--------------------+-----+-----+------------+--------------+--------------+

