
*** Running vivado
    with args -log design_1_axil_macc_0_0.vds -m64 -product Vivado -mode batch -messageDb vivado.pb -notrace -source design_1_axil_macc_0_0.tcl


ECHO is off.
ECHO is off.

****** Vivado v2023.2 (64-bit)
  **** SW Build 4029153 on Fri Oct 13 20:14:34 MDT 2023
  **** IP Build 4028589 on Sat Oct 14 00:45:43 MDT 2023
  **** SharedData Build 4025554 on Tue Oct 10 17:18:54 MDT 2023
    ** Copyright 1986-2022 Xilinx, Inc. All Rights Reserved.
    ** Copyright 2022-2023 Advanced Micro Devices, Inc. All Rights Reserved.

source design_1_axil_macc_0_0.tcl -notrace
create_project: Time (s): cpu = 00:00:03 ; elapsed = 00:00:07 . Memory (MB): peak = 472.871 ; gain = 180.758
INFO: [IP_Flow 19-234] Refreshing IP repositories
INFO: [IP_Flow 19-1700] Loaded user IP repository 'c:/Users/lrluc/Documents/Academia/hardwareDescription/examples/axiLite/axiLite_hls'.
INFO: [IP_Flow 19-2313] Loaded Vivado IP repository 'C:/Xilinx/Vivado/2023.2/data/ip'.
WARNING: [IP_Flow 19-4995] The host OS only allows 260 characters in a normal path. The IP cache path is more than 80 characters. If you experience issues with IP caching, please consider changing the IP cache to a location with a shorter path. Alternately consider using the OS subst command to map part of the path to a drive letter. 
Current IP cache path is c:/Users/lrluc/Documents/Academia/hardwareDescription/examples/axiLite/axiLite_vivado/axiLite_vivado.cache/ip 
INFO: [IP_Flow 19-6924] IPCACHE: Running cache check for IP inst: design_1_axil_macc_0_0
Command: synth_design -top design_1_axil_macc_0_0 -part xczu7ev-ffvc1156-2-e -incremental_mode off -mode out_of_context
Starting synth_design
Attempting to get a license for feature 'Synthesis' and/or device 'xczu7ev'
INFO: [Common 17-349] Got license for feature 'Synthesis' and/or device 'xczu7ev'
INFO: [Device 21-403] Loading part xczu7ev-ffvc1156-2-e
INFO: [Synth 8-7079] Multithreading enabled for synth_design using a maximum of 2 processes.
INFO: [Synth 8-7078] Launching helper process for spawning children vivado processes
INFO: [Synth 8-7075] Helper process launched with PID 7780
---------------------------------------------------------------------------------
Starting RTL Elaboration : Time (s): cpu = 00:00:03 ; elapsed = 00:00:06 . Memory (MB): peak = 2014.777 ; gain = 387.414
---------------------------------------------------------------------------------
INFO: [Synth 8-638] synthesizing module 'design_1_axil_macc_0_0' [c:/Users/lrluc/Documents/Academia/hardwareDescription/examples/axiLite/axiLite_vivado/axiLite_vivado.gen/sources_1/bd/design_1/ip/design_1_axil_macc_0_0/synth/design_1_axil_macc_0_0.vhd:81]
	Parameter C_S_AXI_BUS1_ADDR_WIDTH bound to: 6 - type: integer 
	Parameter C_S_AXI_BUS1_DATA_WIDTH bound to: 32 - type: integer 
INFO: [Synth 8-3491] module 'axil_macc' declared at 'c:/Users/lrluc/Documents/Academia/hardwareDescription/examples/axiLite/axiLite_vivado/axiLite_vivado.gen/sources_1/bd/design_1/ipshared/e38a/hdl/vhdl/axil_macc.vhd:11' bound to instance 'U0' of component 'axil_macc' [c:/Users/lrluc/Documents/Academia/hardwareDescription/examples/axiLite/axiLite_vivado/axiLite_vivado.gen/sources_1/bd/design_1/ip/design_1_axil_macc_0_0/synth/design_1_axil_macc_0_0.vhd:152]
INFO: [Synth 8-638] synthesizing module 'axil_macc' [c:/Users/lrluc/Documents/Academia/hardwareDescription/examples/axiLite/axiLite_vivado/axiLite_vivado.gen/sources_1/bd/design_1/ipshared/e38a/hdl/vhdl/axil_macc.vhd:39]
	Parameter C_S_AXI_ADDR_WIDTH bound to: 6 - type: integer 
	Parameter C_S_AXI_DATA_WIDTH bound to: 32 - type: integer 
INFO: [Synth 8-3491] module 'axil_macc_BUS1_s_axi' declared at 'c:/Users/lrluc/Documents/Academia/hardwareDescription/examples/axiLite/axiLite_vivado/axiLite_vivado.gen/sources_1/bd/design_1/ipshared/e38a/hdl/vhdl/axil_macc_BUS1_s_axi.vhd:12' bound to instance 'BUS1_s_axi_U' of component 'axil_macc_BUS1_s_axi' [c:/Users/lrluc/Documents/Academia/hardwareDescription/examples/axiLite/axiLite_vivado/axiLite_vivado.gen/sources_1/bd/design_1/ipshared/e38a/hdl/vhdl/axil_macc.vhd:128]
INFO: [Synth 8-638] synthesizing module 'axil_macc_BUS1_s_axi' [c:/Users/lrluc/Documents/Academia/hardwareDescription/examples/axiLite/axiLite_vivado/axiLite_vivado.gen/sources_1/bd/design_1/ipshared/e38a/hdl/vhdl/axil_macc_BUS1_s_axi.vhd:88]
INFO: [Synth 8-256] done synthesizing module 'axil_macc_BUS1_s_axi' (0#1) [c:/Users/lrluc/Documents/Academia/hardwareDescription/examples/axiLite/axiLite_vivado/axiLite_vivado.gen/sources_1/bd/design_1/ipshared/e38a/hdl/vhdl/axil_macc_BUS1_s_axi.vhd:88]
	Parameter ID bound to: 1 - type: integer 
	Parameter NUM_STAGE bound to: 1 - type: integer 
	Parameter din0_WIDTH bound to: 32 - type: integer 
	Parameter din1_WIDTH bound to: 32 - type: integer 
	Parameter dout_WIDTH bound to: 32 - type: integer 
INFO: [Synth 8-3491] module 'axil_macc_mul_32s_32s_32_1_1' declared at 'c:/Users/lrluc/Documents/Academia/hardwareDescription/examples/axiLite/axiLite_vivado/axiLite_vivado.gen/sources_1/bd/design_1/ipshared/e38a/hdl/vhdl/axil_macc_mul_32s_32s_32_1_1.vhd:7' bound to instance 'mul_32s_32s_32_1_1_U1' of component 'axil_macc_mul_32s_32s_32_1_1' [c:/Users/lrluc/Documents/Academia/hardwareDescription/examples/axiLite/axiLite_vivado/axiLite_vivado.gen/sources_1/bd/design_1/ipshared/e38a/hdl/vhdl/axil_macc.vhd:164]
INFO: [Synth 8-638] synthesizing module 'axil_macc_mul_32s_32s_32_1_1' [c:/Users/lrluc/Documents/Academia/hardwareDescription/examples/axiLite/axiLite_vivado/axiLite_vivado.gen/sources_1/bd/design_1/ipshared/e38a/hdl/vhdl/axil_macc_mul_32s_32s_32_1_1.vhd:24]
INFO: [Synth 8-256] done synthesizing module 'axil_macc_mul_32s_32s_32_1_1' (0#1) [c:/Users/lrluc/Documents/Academia/hardwareDescription/examples/axiLite/axiLite_vivado/axiLite_vivado.gen/sources_1/bd/design_1/ipshared/e38a/hdl/vhdl/axil_macc_mul_32s_32s_32_1_1.vhd:24]
INFO: [Synth 8-256] done synthesizing module 'axil_macc' (0#1) [c:/Users/lrluc/Documents/Academia/hardwareDescription/examples/axiLite/axiLite_vivado/axiLite_vivado.gen/sources_1/bd/design_1/ipshared/e38a/hdl/vhdl/axil_macc.vhd:39]
INFO: [Synth 8-256] done synthesizing module 'design_1_axil_macc_0_0' (0#1) [c:/Users/lrluc/Documents/Academia/hardwareDescription/examples/axiLite/axiLite_vivado/axiLite_vivado.gen/sources_1/bd/design_1/ip/design_1_axil_macc_0_0/synth/design_1_axil_macc_0_0.vhd:81]
WARNING: [Synth 8-6014] Unused sequential element int_ap_done_reg was removed.  [c:/Users/lrluc/Documents/Academia/hardwareDescription/examples/axiLite/axiLite_vivado/axiLite_vivado.gen/sources_1/bd/design_1/ipshared/e38a/hdl/vhdl/axil_macc_BUS1_s_axi.vhd:328]
---------------------------------------------------------------------------------
Finished RTL Elaboration : Time (s): cpu = 00:00:04 ; elapsed = 00:00:09 . Memory (MB): peak = 2127.680 ; gain = 500.316
---------------------------------------------------------------------------------
---------------------------------------------------------------------------------
Start Handling Custom Attributes
---------------------------------------------------------------------------------
---------------------------------------------------------------------------------
Finished Handling Custom Attributes : Time (s): cpu = 00:00:05 ; elapsed = 00:00:09 . Memory (MB): peak = 2127.680 ; gain = 500.316
---------------------------------------------------------------------------------
---------------------------------------------------------------------------------
Finished RTL Optimization Phase 1 : Time (s): cpu = 00:00:05 ; elapsed = 00:00:09 . Memory (MB): peak = 2127.680 ; gain = 500.316
---------------------------------------------------------------------------------
Netlist sorting complete. Time (s): cpu = 00:00:00 ; elapsed = 00:00:00.010 . Memory (MB): peak = 2127.680 ; gain = 0.000
INFO: [Project 1-570] Preparing netlist for logic optimization

Processing XDC Constraints
Initializing timing engine
Parsing XDC File [c:/Users/lrluc/Documents/Academia/hardwareDescription/examples/axiLite/axiLite_vivado/axiLite_vivado.gen/sources_1/bd/design_1/ip/design_1_axil_macc_0_0/constraints/axil_macc_ooc.xdc] for cell 'U0'
Finished Parsing XDC File [c:/Users/lrluc/Documents/Academia/hardwareDescription/examples/axiLite/axiLite_vivado/axiLite_vivado.gen/sources_1/bd/design_1/ip/design_1_axil_macc_0_0/constraints/axil_macc_ooc.xdc] for cell 'U0'
Parsing XDC File [C:/Users/lrluc/Documents/Academia/hardwareDescription/examples/axiLite/axiLite_vivado/axiLite_vivado.runs/design_1_axil_macc_0_0_synth_1/dont_touch.xdc]
Finished Parsing XDC File [C:/Users/lrluc/Documents/Academia/hardwareDescription/examples/axiLite/axiLite_vivado/axiLite_vivado.runs/design_1_axil_macc_0_0_synth_1/dont_touch.xdc]
Completed Processing XDC Constraints

Netlist sorting complete. Time (s): cpu = 00:00:00 ; elapsed = 00:00:00 . Memory (MB): peak = 2181.086 ; gain = 0.000
INFO: [Project 1-111] Unisim Transformation Summary:
No Unisim elements were transformed.

O sistema n∆o conseguiu localizar o caminho especificado.
Constraint Validation Runtime : Time (s): cpu = 00:00:00 ; elapsed = 00:00:00.025 . Memory (MB): peak = 2182.281 ; gain = 1.195
INFO: [Designutils 20-5008] Incremental synthesis strategy off
---------------------------------------------------------------------------------
Finished Constraint Validation : Time (s): cpu = 00:00:13 ; elapsed = 00:00:22 . Memory (MB): peak = 2182.281 ; gain = 554.918
---------------------------------------------------------------------------------
---------------------------------------------------------------------------------
Start Loading Part and Timing Information
---------------------------------------------------------------------------------
Loading part: xczu7ev-ffvc1156-2-e
INFO: [Synth 8-6742] Reading net delay rules and data
---------------------------------------------------------------------------------
Finished Loading Part and Timing Information : Time (s): cpu = 00:00:13 ; elapsed = 00:00:22 . Memory (MB): peak = 2182.281 ; gain = 554.918
---------------------------------------------------------------------------------
---------------------------------------------------------------------------------
Start Applying 'set_property' XDC Constraints
---------------------------------------------------------------------------------
Applied set_property KEEP_HIERARCHY = SOFT for U0. (constraint file  C:/Users/lrluc/Documents/Academia/hardwareDescription/examples/axiLite/axiLite_vivado/axiLite_vivado.runs/design_1_axil_macc_0_0_synth_1/dont_touch.xdc, line 9).
---------------------------------------------------------------------------------
Finished applying 'set_property' XDC Constraints : Time (s): cpu = 00:00:13 ; elapsed = 00:00:22 . Memory (MB): peak = 2182.281 ; gain = 554.918
---------------------------------------------------------------------------------
INFO: [Synth 8-802] inferred FSM for state register 'wstate_reg' in module 'axil_macc_BUS1_s_axi'
INFO: [Synth 8-802] inferred FSM for state register 'rstate_reg' in module 'axil_macc_BUS1_s_axi'
---------------------------------------------------------------------------------------------------
                   State |                     New Encoding |                Previous Encoding 
---------------------------------------------------------------------------------------------------
                  iSTATE |                             0001 |                              011
*
                  wridle |                             0010 |                              000
                  wrdata |                             0100 |                              001
                  wrresp |                             1000 |                              010
---------------------------------------------------------------------------------------------------
INFO: [Synth 8-3354] encoded FSM with state register 'wstate_reg' using encoding 'one-hot' in module 'axil_macc_BUS1_s_axi'
---------------------------------------------------------------------------------------------------
                   State |                     New Encoding |                Previous Encoding 
---------------------------------------------------------------------------------------------------
                  iSTATE |                              001 |                              110
*
                  rdidle |                              010 |                              100
                  rddata |                              100 |                              101
---------------------------------------------------------------------------------------------------
INFO: [Synth 8-3354] encoded FSM with state register 'rstate_reg' using encoding 'one-hot' in module 'axil_macc_BUS1_s_axi'
---------------------------------------------------------------------------------
Finished RTL Optimization Phase 2 : Time (s): cpu = 00:00:13 ; elapsed = 00:00:23 . Memory (MB): peak = 2182.281 ; gain = 554.918
---------------------------------------------------------------------------------
---------------------------------------------------------------------------------
Start RTL Component Statistics 
---------------------------------------------------------------------------------
Detailed RTL Component Info : 
+---Adders : 
	   2 Input   32 Bit       Adders := 1     
+---XORs : 
	   2 Input      1 Bit         XORs := 2     
+---Registers : 
	               32 Bit    Registers := 5     
	                6 Bit    Registers := 1     
	                2 Bit    Registers := 1     
	                1 Bit    Registers := 12    
+---Multipliers : 
	              32x32  Multipliers := 1     
+---Muxes : 
	  10 Input   32 Bit        Muxes := 1     
	   2 Input   32 Bit        Muxes := 1     
	   4 Input    4 Bit        Muxes := 1     
	   2 Input    4 Bit        Muxes := 3     
	   3 Input    3 Bit        Muxes := 1     
	   2 Input    3 Bit        Muxes := 2     
	   2 Input    1 Bit        Muxes := 4     
---------------------------------------------------------------------------------
Finished RTL Component Statistics 
---------------------------------------------------------------------------------
---------------------------------------------------------------------------------
Start Part Resource Summary
---------------------------------------------------------------------------------
Part Resources:
DSPs: 1728 (col length:144)
BRAMs: 624 (col length: RAMB18 144 RAMB36 72)
---------------------------------------------------------------------------------
Finished Part Resource Summary
---------------------------------------------------------------------------------
---------------------------------------------------------------------------------
Start Cross Boundary and Area Optimization
---------------------------------------------------------------------------------
WARNING: [Synth 8-7080] Parallel synthesis criteria is not met
DSP Report: Generating DSP mul_32s_32s_32_1_1_U1/tmp_product, operation Mode is: A2*B.
DSP Report: register mul_32s_32s_32_1_1_U1/tmp_product is absorbed into DSP mul_32s_32s_32_1_1_U1/tmp_product.
DSP Report: operator mul_32s_32s_32_1_1_U1/tmp_product is absorbed into DSP mul_32s_32s_32_1_1_U1/tmp_product.
DSP Report: operator mul_32s_32s_32_1_1_U1/tmp_product is absorbed into DSP mul_32s_32s_32_1_1_U1/tmp_product.
DSP Report: Generating DSP mul_32s_32s_32_1_1_U1/tmp_product, operation Mode is: (PCIN>>17)+A*B.
DSP Report: operator mul_32s_32s_32_1_1_U1/tmp_product is absorbed into DSP mul_32s_32s_32_1_1_U1/tmp_product.
DSP Report: operator mul_32s_32s_32_1_1_U1/tmp_product is absorbed into DSP mul_32s_32s_32_1_1_U1/tmp_product.
DSP Report: Generating DSP mul_32s_32s_32_1_1_U1/tmp_product, operation Mode is: A2*B2.
DSP Report: register mul_32s_32s_32_1_1_U1/tmp_product is absorbed into DSP mul_32s_32s_32_1_1_U1/tmp_product.
DSP Report: register mul_32s_32s_32_1_1_U1/tmp_product is absorbed into DSP mul_32s_32s_32_1_1_U1/tmp_product.
DSP Report: operator mul_32s_32s_32_1_1_U1/tmp_product is absorbed into DSP mul_32s_32s_32_1_1_U1/tmp_product.
DSP Report: operator mul_32s_32s_32_1_1_U1/tmp_product is absorbed into DSP mul_32s_32s_32_1_1_U1/tmp_product.
DSP Report: Generating DSP mul_32s_32s_32_1_1_U1/tmp_product, operation Mode is: (PCIN>>17)+A2*B.
DSP Report: register mul_32s_32s_32_1_1_U1/tmp_product is absorbed into DSP mul_32s_32s_32_1_1_U1/tmp_product.
DSP Report: operator mul_32s_32s_32_1_1_U1/tmp_product is absorbed into DSP mul_32s_32s_32_1_1_U1/tmp_product.
DSP Report: operator mul_32s_32s_32_1_1_U1/tmp_product is absorbed into DSP mul_32s_32s_32_1_1_U1/tmp_product.
WARNING: [Synth 8-3332] Sequential element (BUS1_s_axi_U/FSM_onehot_wstate_reg[0]) is unused and will be removed from module axil_macc.
WARNING: [Synth 8-3332] Sequential element (BUS1_s_axi_U/FSM_onehot_rstate_reg[0]) is unused and will be removed from module axil_macc.
---------------------------------------------------------------------------------
Finished Cross Boundary and Area Optimization : Time (s): cpu = 00:00:15 ; elapsed = 00:00:26 . Memory (MB): peak = 2182.281 ; gain = 554.918
---------------------------------------------------------------------------------
 Sort Area is  mul_32s_32s_32_1_1_U1/tmp_product_0 : 0 0 : 3137 5808 : Used 1 time 0
 Sort Area is  mul_32s_32s_32_1_1_U1/tmp_product_0 : 0 1 : 2671 5808 : Used 1 time 0
 Sort Area is  mul_32s_32s_32_1_1_U1/tmp_product_3 : 0 0 : 2652 5137 : Used 1 time 0
 Sort Area is  mul_32s_32s_32_1_1_U1/tmp_product_3 : 0 1 : 2485 5137 : Used 1 time 0
---------------------------------------------------------------------------------
Start ROM, RAM, DSP, Shift Register and Retiming Reporting
---------------------------------------------------------------------------------

DSP: Preliminary Mapping Report (see note below. The ' indicates corresponding REG is set)
+------------+-----------------+--------+--------+--------+--------+--------+------+------+------+------+-------+------+------+
|Module Name | DSP Mapping     | A Size | B Size | C Size | D Size | P Size | AREG | BREG | CREG | DREG | ADREG | MREG | PREG | 
+------------+-----------------+--------+--------+--------+--------+--------+------+------+------+------+-------+------+------+
|axil_macc   | A2*B            | 18     | 15     | -      | -      | 48     | 1    | 0    | -    | -    | -     | 0    | 0    | 
|axil_macc   | (PCIN>>17)+A*B  | 15     | 15     | -      | -      | 48     | 0    | 0    | -    | -    | -     | 0    | 0    | 
|axil_macc   | A2*B2           | 18     | 18     | -      | -      | 48     | 1    | 1    | -    | -    | -     | 0    | 0    | 
|axil_macc   | (PCIN>>17)+A2*B | 18     | 15     | -      | -      | 48     | 1    | 0    | -    | -    | -     | 0    | 0    | 
+------------+-----------------+--------+--------+--------+--------+--------+------+------+------+------+-------+------+------+

Note: The table above is a preliminary report that shows the DSPs inferred at the current stage of the synthesis flow. Some DSP may be reimplemented as non DSP primitives later in the synthesis flow. Multiple instantiated DSPs are reported only once.
---------------------------------------------------------------------------------
Finished ROM, RAM, DSP, Shift Register and Retiming Reporting
---------------------------------------------------------------------------------
---------------------------------------------------------------------------------
Start Applying XDC Timing Constraints
---------------------------------------------------------------------------------
---------------------------------------------------------------------------------
Finished Applying XDC Timing Constraints : Time (s): cpu = 00:00:23 ; elapsed = 00:00:44 . Memory (MB): peak = 2712.906 ; gain = 1085.543
---------------------------------------------------------------------------------
---------------------------------------------------------------------------------
Start Timing Optimization
---------------------------------------------------------------------------------
---------------------------------------------------------------------------------
Finished Timing Optimization : Time (s): cpu = 00:00:23 ; elapsed = 00:00:45 . Memory (MB): peak = 2737.613 ; gain = 1110.250
---------------------------------------------------------------------------------
---------------------------------------------------------------------------------
Start Technology Mapping
---------------------------------------------------------------------------------
---------------------------------------------------------------------------------
Finished Technology Mapping : Time (s): cpu = 00:00:23 ; elapsed = 00:00:45 . Memory (MB): peak = 2740.633 ; gain = 1113.270
---------------------------------------------------------------------------------
---------------------------------------------------------------------------------
Start IO Insertion
---------------------------------------------------------------------------------
---------------------------------------------------------------------------------
Start Flattening Before IO Insertion
---------------------------------------------------------------------------------
---------------------------------------------------------------------------------
Finished Flattening Before IO Insertion
---------------------------------------------------------------------------------
---------------------------------------------------------------------------------
Start Final Netlist Cleanup
---------------------------------------------------------------------------------
---------------------------------------------------------------------------------
Finished Final Netlist Cleanup
---------------------------------------------------------------------------------
---------------------------------------------------------------------------------
Finished IO Insertion : Time (s): cpu = 00:00:25 ; elapsed = 00:00:50 . Memory (MB): peak = 2740.633 ; gain = 1113.270
---------------------------------------------------------------------------------
---------------------------------------------------------------------------------
Start Renaming Generated Instances
---------------------------------------------------------------------------------
---------------------------------------------------------------------------------
Finished Renaming Generated Instances : Time (s): cpu = 00:00:25 ; elapsed = 00:00:50 . Memory (MB): peak = 2740.633 ; gain = 1113.270
---------------------------------------------------------------------------------
---------------------------------------------------------------------------------
Start Rebuilding User Hierarchy
---------------------------------------------------------------------------------
---------------------------------------------------------------------------------
Finished Rebuilding User Hierarchy : Time (s): cpu = 00:00:25 ; elapsed = 00:00:50 . Memory (MB): peak = 2740.633 ; gain = 1113.270
---------------------------------------------------------------------------------
---------------------------------------------------------------------------------
Start Renaming Generated Ports
---------------------------------------------------------------------------------
---------------------------------------------------------------------------------
Finished Renaming Generated Ports : Time (s): cpu = 00:00:25 ; elapsed = 00:00:50 . Memory (MB): peak = 2740.633 ; gain = 1113.270
---------------------------------------------------------------------------------
---------------------------------------------------------------------------------
Start Handling Custom Attributes
---------------------------------------------------------------------------------
---------------------------------------------------------------------------------
Finished Handling Custom Attributes : Time (s): cpu = 00:00:25 ; elapsed = 00:00:50 . Memory (MB): peak = 2740.633 ; gain = 1113.270
---------------------------------------------------------------------------------
---------------------------------------------------------------------------------
Start Renaming Generated Nets
---------------------------------------------------------------------------------
---------------------------------------------------------------------------------
Finished Renaming Generated Nets : Time (s): cpu = 00:00:25 ; elapsed = 00:00:50 . Memory (MB): peak = 2740.633 ; gain = 1113.270
---------------------------------------------------------------------------------
---------------------------------------------------------------------------------
Start Writing Synthesis Report
---------------------------------------------------------------------------------

DSP Final Report (the ' indicates corresponding REG is set)
+------------+----------------+--------+--------+--------+--------+--------+------+------+------+------+-------+------+------+
|Module Name | DSP Mapping    | A Size | B Size | C Size | D Size | P Size | AREG | BREG | CREG | DREG | ADREG | MREG | PREG | 
+------------+----------------+--------+--------+--------+--------+--------+------+------+------+------+-------+------+------+
|axil_macc   | A'*B'          | 17     | 18     | -      | -      | 48     | 1    | 1    | -    | -    | -     | 0    | 0    | 
|axil_macc   | A'*B'          | 17     | 17     | -      | -      | 48     | 1    | 1    | -    | -    | -     | 0    | 0    | 
|axil_macc   | PCIN>>17+A'*B' | 17     | 18     | -      | -      | 48     | 1    | 1    | -    | -    | -     | 0    | 0    | 
+------------+----------------+--------+--------+--------+--------+--------+------+------+------+------+-------+------+------+


Report BlackBoxes: 
+-+--------------+----------+
| |BlackBox name |Instances |
+-+--------------+----------+
+-+--------------+----------+

Report Cell Usage: 
+------+----------------+------+
|      |Cell            |Count |
+------+----------------+------+
|1     |CARRY8          |    10|
|2     |DSP_ALU         |     3|
|3     |DSP_A_B_DATA    |     3|
|4     |DSP_C_DATA      |     3|
|5     |DSP_MULTIPLIER  |     3|
|6     |DSP_M_DATA      |     3|
|7     |DSP_OUTPUT      |     3|
|8     |DSP_PREADD      |     3|
|9     |DSP_PREADD_DATA |     3|
|10    |LUT1            |     2|
|11    |LUT2            |    18|
|12    |LUT3            |   101|
|13    |LUT4            |    26|
|14    |LUT5            |    25|
|15    |LUT6            |   112|
|16    |FDRE            |   216|
+------+----------------+------+
---------------------------------------------------------------------------------
Finished Writing Synthesis Report : Time (s): cpu = 00:00:25 ; elapsed = 00:00:50 . Memory (MB): peak = 2740.633 ; gain = 1113.270
---------------------------------------------------------------------------------
Synthesis finished with 0 errors, 0 critical warnings and 3 warnings.
Synthesis Optimization Runtime : Time (s): cpu = 00:00:17 ; elapsed = 00:00:43 . Memory (MB): peak = 2740.633 ; gain = 1058.668
Synthesis Optimization Complete : Time (s): cpu = 00:00:26 ; elapsed = 00:00:50 . Memory (MB): peak = 2740.633 ; gain = 1113.270
INFO: [Project 1-571] Translating synthesized netlist
Netlist sorting complete. Time (s): cpu = 00:00:00 ; elapsed = 00:00:00.009 . Memory (MB): peak = 2749.449 ; gain = 0.000
INFO: [Netlist 29-17] Analyzing 13 Unisim elements for replacement
INFO: [Netlist 29-28] Unisim Transformation completed in 0 CPU seconds
INFO: [Project 1-570] Preparing netlist for logic optimization
INFO: [Opt 31-138] Pushed 0 inverter(s) to 0 load pin(s).
Netlist sorting complete. Time (s): cpu = 00:00:00 ; elapsed = 00:00:00 . Memory (MB): peak = 2772.562 ; gain = 0.000
INFO: [Project 1-111] Unisim Transformation Summary:
  A total of 3 instances were transformed.
  DSP48E2 => DSP48E2 (DSP_ALU, DSP_A_B_DATA, DSP_C_DATA, DSP_MULTIPLIER, DSP_M_DATA, DSP_OUTPUT, DSP_PREADD, DSP_PREADD_DATA): 3 instances

O sistema n∆o conseguiu localizar o caminho especificado.
Synth Design complete | Checksum: 134deef2
INFO: [Common 17-83] Releasing license: Synthesis
35 Infos, 5 Warnings, 0 Critical Warnings and 0 Errors encountered.
synth_design completed successfully
synth_design: Time (s): cpu = 00:00:31 ; elapsed = 00:01:01 . Memory (MB): peak = 2772.562 ; gain = 2249.211
Write ShapeDB Complete: Time (s): cpu = 00:00:00 ; elapsed = 00:00:00.002 . Memory (MB): peak = 2772.562 ; gain = 0.000
INFO: [Common 17-1381] The checkpoint 'C:/Users/lrluc/Documents/Academia/hardwareDescription/examples/axiLite/axiLite_vivado/axiLite_vivado.runs/design_1_axil_macc_0_0_synth_1/design_1_axil_macc_0_0.dcp' has been generated.
INFO: [Coretcl 2-1648] Added synthesis output to IP cache for IP design_1_axil_macc_0_0, cache-ID = 85c770b07426bbbf
INFO: [Coretcl 2-1174] Renamed 3 cell refs.
Write ShapeDB Complete: Time (s): cpu = 00:00:00 ; elapsed = 00:00:00.002 . Memory (MB): peak = 2772.562 ; gain = 0.000
INFO: [Common 17-1381] The checkpoint 'C:/Users/lrluc/Documents/Academia/hardwareDescription/examples/axiLite/axiLite_vivado/axiLite_vivado.runs/design_1_axil_macc_0_0_synth_1/design_1_axil_macc_0_0.dcp' has been generated.
INFO: [runtcl-4] Executing : report_utilization -file design_1_axil_macc_0_0_utilization_synth.rpt -pb design_1_axil_macc_0_0_utilization_synth.pb
INFO: [Common 17-206] Exiting Vivado at Tue Mar  5 14:42:51 2024...
